<?xml version="1.0" encoding="UTF-8"?>
<!-- Generated by org.testng.reporters.JUnitReportReporter -->
<testsuite hostname="CHITRA-PC" failures="0" tests="1" name="workingWithUnitTestingTool.Basic" time="0.009" errors="0" timestamp="2024-03-06T13:14:48 IST" skipped="0">
  <testcase classname="workingWithUnitTestingTool.Basic" name="run" time="0.009"/>
  <system-out/>
</testsuite> <!-- workingWithUnitTestingTool.Basic -->
