<?xml version="1.0" encoding="UTF-8"?>
<!-- Generated by org.testng.reporters.JUnitReportReporter -->
<testsuite hostname="CHITRA-PC" failures="0" tests="6" name="workingWithUnitTestingTool.WorkingWithPriority" time="0.024" errors="0" timestamp="2024-03-06T16:38:19 IST" skipped="0">
  <testcase classname="workingWithUnitTestingTool.WorkingWithPriority" name="login" time="0.011"/>
  <system-out/>
  <testcase classname="workingWithUnitTestingTool.WorkingWithPriority" name="register" time="0.002"/>
  <system-out>
    <![CDATA[Registered Successfully]]>
  </system-out>
  <testcase classname="workingWithUnitTestingTool.WorkingWithPriority" name="searchProduct" time="0.002"/>
  <system-out/>
  <testcase classname="workingWithUnitTestingTool.WorkingWithPriority" name="addToCart" time="0.002"/>
  <system-out/>
  <testcase classname="workingWithUnitTestingTool.WorkingWithPriority" name="buyProduct" time="0.005"/>
  <system-out/>
  <testcase classname="workingWithUnitTestingTool.WorkingWithPriority" name="logOut" time="0.002"/>
  <system-out/>
</testsuite> <!-- workingWithUnitTestingTool.WorkingWithPriority -->
