<?xml version="1.0" encoding="UTF-8"?>
<!-- Generated by org.testng.reporters.JUnitReportReporter -->
<testsuite hostname="CHITRA-PC" failures="0" tests="1" name="testNGExecution.LauncherGames" time="23.116" errors="0" timestamp="2024-03-13T14:40:04 IST" skipped="0">
  <testcase classname="testNGExecution.LauncherGames" name="browserOpen" time="23.116"/>
  <system-out/>
</testsuite> <!-- testNGExecution.LauncherGames -->
