<?xml version="1.0" encoding="UTF-8"?>
<!-- Generated by org.testng.reporters.JUnitReportReporter -->
<testsuite hostname="CHITRA-PC" failures="0" tests="2" name="workingWithDataProvider.WorkingInDataProvider" time="0.008" errors="0" timestamp="2024-03-18T10:49:48 IST" skipped="0">
  <testcase classname="workingWithDataProvider.WorkingInDataProvider" name="dataDemo" time="0.002"/>
  <system-out/>
  <testcase classname="workingWithDataProvider.WorkingInDataProvider" name="dataDemo" time="0.006"/>
  <system-out/>
</testsuite> <!-- workingWithDataProvider.WorkingInDataProvider -->
