<?xml version="1.0" encoding="UTF-8"?>
<!-- Generated by org.testng.reporters.JUnitReportReporter -->
<testsuite hostname="CHITRA-PC" failures="0" tests="1" name="workingWithUnitTestingTool.DependsOnGroups" time="10.196" errors="0" timestamp="2024-03-08T06:49:08 IST" skipped="0">
  <testcase classname="workingWithUnitTestingTool.DependsOnGroups" name="payment" time="10.196"/>
  <system-out/>
</testsuite> <!-- workingWithUnitTestingTool.DependsOnGroups -->
