<?xml version="1.0" encoding="UTF-8"?>
<!-- Generated by org.testng.reporters.JUnitReportReporter -->
<testsuite hostname="CHITRA-PC" failures="0" tests="3" name="readData.ToReadMultipleValue" time="41.083" errors="0" timestamp="2024-03-20T20:48:45 IST" skipped="0">
  <testcase classname="readData.ToReadMultipleValue" name="login" time="15.976"/>
  <system-out/>
  <testcase classname="readData.ToReadMultipleValue" name="login" time="10.309"/>
  <system-out/>
  <testcase classname="readData.ToReadMultipleValue" name="login" time="14.798"/>
  <system-out/>
</testsuite> <!-- readData.ToReadMultipleValue -->
