<?xml version="1.0" encoding="UTF-8"?>
<!-- Generated by org.testng.reporters.JUnitReportReporter -->
<testsuite hostname="CHITRA-PC" failures="0" tests="1" name="testNGExecution.Ajio" time="61.846" errors="0" timestamp="2024-03-11T15:56:31 IST" skipped="0">
  <testcase classname="testNGExecution.Ajio" name="browserOpen" time="61.846"/>
  <system-out/>
</testsuite> <!-- testNGExecution.Ajio -->
