<?xml version="1.0" encoding="UTF-8"?>
<!-- Generated by org.testng.reporters.JUnitReportReporter -->
<testsuite hostname="CHITRA-PC" failures="0" tests="2" name="testNgHierarchy.Hierarchy" time="0.015" errors="0" timestamp="2024-03-08T21:04:46 IST" skipped="0">
  <testcase classname="testNgHierarchy.Hierarchy" name="test2" time="0.008"/>
  <system-out/>
  <testcase classname="testNgHierarchy.Hierarchy" name="test1" time="0.007"/>
  <system-out/>
</testsuite> <!-- testNgHierarchy.Hierarchy -->
