<?xml version="1.0" encoding="UTF-8"?>
<!-- Generated by org.testng.reporters.JUnitReportReporter -->
<testsuite hostname="CHITRA-PC" failures="0" tests="1" name="testNGExecution.Gmail" time="37.802" errors="0" timestamp="2024-03-13T14:40:04 IST" skipped="0">
  <testcase classname="testNGExecution.Gmail" name="browserOpen" time="37.802"/>
  <system-out/>
</testsuite> <!-- testNGExecution.Gmail -->
