<?xml version="1.0" encoding="UTF-8"?>
<!-- Generated by org.testng.reporters.JUnitReportReporter -->
<testsuite hostname="CHITRA-PC" failures="0" tests="1" name="testingProject.TC_DWS_001$TC_Demo_001" time="15.543" errors="0" timestamp="2024-03-13T13:09:11 IST" skipped="0">
  <testcase classname="testingProject.TC_DWS_001$TC_Demo_001" name="wishList" time="15.543"/>
  <system-out>
    <![CDATA[user is able to click on WishList]]>
  </system-out>
</testsuite> <!-- testingProject.TC_DWS_001$TC_Demo_001 -->
