<?xml version="1.0" encoding="UTF-8"?>
<!-- Generated by org.testng.reporters.JUnitReportReporter -->
<testsuite hostname="CHITRA-PC" failures="0" tests="1" name="workingWithPom.TC_Demo_003" time="3.913" errors="0" timestamp="2024-03-20T23:20:10 IST" skipped="0">
  <testcase classname="workingWithPom.TC_Demo_003" name="searchProduct" time="3.913"/>
  <system-out/>
</testsuite> <!-- workingWithPom.TC_Demo_003 -->
