<?xml version="1.0" encoding="UTF-8"?>
<!-- Generated by org.testng.reporters.JUnitReportReporter -->
<testsuite hostname="CHITRA-PC" failures="0" tests="1" name="testNGExecution.PokiGames" time="30.740" errors="0" timestamp="2024-03-13T14:40:04 IST" skipped="0">
  <testcase classname="testNGExecution.PokiGames" name="browserOpen" time="30.740"/>
  <system-out/>
</testsuite> <!-- testNGExecution.PokiGames -->
