<?xml version="1.0" encoding="UTF-8"?>
<!-- Generated by org.testng.reporters.JUnitReportReporter -->
<testsuite hostname="CHITRA-PC" failures="0" tests="1" name="workingWithUnitTestingTool.TC_Demo_001" time="17.333" errors="0" timestamp="2024-03-13T06:03:10 IST" skipped="0">
  <testcase classname="workingWithUnitTestingTool.TC_Demo_001" name="wishList" time="17.333"/>
  <system-out>
    <![CDATA[user is able to click on WishList]]>
  </system-out>
</testsuite> <!-- workingWithUnitTestingTool.TC_Demo_001 -->
