<?xml version="1.0" encoding="UTF-8"?>
<!-- Generated by org.testng.reporters.JUnitReportReporter -->
<testsuite hostname="CHITRA-PC" failures="0" tests="1" name="testNGExecution.WhatsApp" time="22.915" errors="0" timestamp="2024-03-13T14:40:04 IST" skipped="0">
  <testcase classname="testNGExecution.WhatsApp" name="browserOpen" time="22.915"/>
  <system-out/>
</testsuite> <!-- testNGExecution.WhatsApp -->
