<?xml version="1.0" encoding="UTF-8"?>
<!-- Generated by org.testng.reporters.JUnitReportReporter -->
<testsuite hostname="CHITRA-PC" failures="0" tests="1" name="testNGExecution.Amazon" time="21.615" errors="0" timestamp="2024-03-11T16:01:56 IST" skipped="0">
  <testcase classname="testNGExecution.Amazon" name="browserOpen" time="21.615"/>
  <system-out/>
</testsuite> <!-- testNGExecution.Amazon -->
