<?xml version="1.0" encoding="UTF-8"?>
<!-- Generated by org.testng.reporters.JUnitReportReporter -->
<testsuite hostname="CHITRA-PC" failures="0" tests="3" name="workingWithUnitTestingTool.Group" time="24.940" errors="0" timestamp="2024-03-08T19:42:33 IST" skipped="0">
  <testcase classname="workingWithUnitTestingTool.Group" name="motorola" time="8.565"/>
  <system-out/>
  <testcase classname="workingWithUnitTestingTool.Group" name="iphone" time="8.455"/>
  <system-out/>
  <testcase classname="workingWithUnitTestingTool.Group" name="samsung" time="7.920"/>
  <system-out/>
</testsuite> <!-- workingWithUnitTestingTool.Group -->
