<?xml version="1.0" encoding="UTF-8"?>
<!-- Generated by org.testng.reporters.JUnitReportReporter -->
<testsuite hostname="CHITRA-PC" failures="0" tests="6" name="workingWithDataProvider.DemoWebShop_Register" time="167.981" errors="0" timestamp="2024-03-18T23:17:15 IST" skipped="0">
  <testcase classname="workingWithDataProvider.DemoWebShop_Register" name="registerUser" time="20.384"/>
  <system-out/>
  <testcase classname="workingWithDataProvider.DemoWebShop_Register" name="registerUser" time="33.994"/>
  <system-out/>
  <testcase classname="workingWithDataProvider.DemoWebShop_Register" name="registerUser" time="40.149"/>
  <system-out/>
  <testcase classname="workingWithDataProvider.DemoWebShop_Register" name="registerUser" time="26.950"/>
  <system-out/>
  <testcase classname="workingWithDataProvider.DemoWebShop_Register" name="registerUser" time="21.100"/>
  <system-out/>
  <testcase classname="workingWithDataProvider.DemoWebShop_Register" name="registerUser" time="25.404"/>
  <system-out/>
</testsuite> <!-- workingWithDataProvider.DemoWebShop_Register -->
