<?xml version="1.0" encoding="UTF-8"?>
<!-- Generated by org.testng.reporters.JUnitReportReporter -->
<testsuite hostname="CHITRA-PC" failures="0" tests="1" name="workingWithPom.TC_Login_002" time="7.880" errors="0" timestamp="2024-03-20T23:37:02 IST" skipped="0">
  <testcase classname="workingWithPom.TC_Login_002" name="login" time="7.880"/>
  <system-out/>
</testsuite> <!-- workingWithPom.TC_Login_002 -->
