<?xml version="1.0" encoding="UTF-8"?>
<!-- Generated by org.testng.reporters.JUnitReportReporter -->
<testsuite hostname="CHITRA-PC" failures="0" tests="1" name="readData.ToReadDataFromExcelSingleData" time="8.666" errors="0" timestamp="2024-03-20T10:15:37 IST" skipped="0">
  <testcase classname="readData.ToReadDataFromExcelSingleData" name="toOpenDWS" time="8.666"/>
  <system-out/>
</testsuite> <!-- readData.ToReadDataFromExcelSingleData -->
