<?xml version="1.0" encoding="UTF-8"?>
<!-- Generated by org.testng.reporters.JUnitReportReporter -->
<testsuite hostname="CHITRA-PC" failures="0" tests="5" name="workingWithUnitTestingTool.WorkWithInvocationCount" time="28.154" errors="0" timestamp="2024-03-08T06:38:26 IST" skipped="1">
  <testcase classname="workingWithUnitTestingTool.WorkWithInvocationCount" name="run" time="6.081"/>
  <system-out/>
  <testcase classname="workingWithUnitTestingTool.WorkWithInvocationCount" name="run" time="6.162"/>
  <system-out/>
  <testcase classname="workingWithUnitTestingTool.WorkWithInvocationCount" name="run" time="9.473"/>
  <system-out/>
  <testcase classname="workingWithUnitTestingTool.WorkWithInvocationCount" name="run" time="6.438"/>
  <system-out/>
  <testcase classname="workingWithUnitTestingTool.WorkWithInvocationCount" name="demo">
    <skipped/>
  </testcase> <!-- demo -->
  <system-out/>
</testsuite> <!-- workingWithUnitTestingTool.WorkWithInvocationCount -->
