<?xml version="1.0" encoding="UTF-8"?>
<!-- Generated by org.testng.reporters.JUnitReportReporter -->
<testsuite hostname="CHITRA-PC" failures="0" tests="1" name="crossBrowserExecution.CrossBrowserExecution" time="13.205" errors="0" timestamp="2024-03-14T21:15:36 IST" skipped="0">
  <testcase classname="crossBrowserExecution.CrossBrowserExecution" name="browser" time="13.205"/>
  <system-out/>
</testsuite> <!-- crossBrowserExecution.CrossBrowserExecution -->
